<?xml version="1.0" encoding="utf-8"?><testsuites><testsuite name="pytest" errors="0" failures="1" skipped="0" tests="7" time="5.154" timestamp="2024-11-18T20:06:33.527068+00:00" hostname="28074bae99c7"><testcase classname="cases.test_booking" name="test_create_flight_booking_with_valid_customer" time="1.675"><properties><property name="status" value="PASSED" /><property name="test_data" value="{'customers': [{'passport_id': 'BC1500', 'first_name': 'First', 'last_name': 'Name', 'flight_id': 'AAA01'}, {'passport_id': 'BC1501', 'first_name': 'Second', 'last_name': 'User', 'flight_id': 'BBB02'}], 'flights': [{'id': 'AAA01', 'departure_time_utc': '2024-12-01T00:00:00Z', 'arrival_time_utc': '2024-12-01T02:00:00Z', 'timezone': 'Asia/Bangkok'}, {'id': 'BBB02', 'departure_time_utc': '2024-12-01T09:00:00Z', 'arrival_time_utc': '2024-12-01T17:00:00Z', 'departure_timezone': 'Europe/London', 'arrival_timezone': 'Asia/Bangkok'}]}" /></properties></testcase><testcase classname="cases.test_booking" name="test_create_booking_with_mismatched_customer_name" time="0.393"><properties><property name="status" value="PASSED" /><property name="test_data" value="{'customers': [{'passport_id': 'BC1500', 'first_name': 'First', 'last_name': 'Name', 'flight_id': 'AAA01'}, {'passport_id': 'BC1501', 'first_name': 'Second', 'last_name': 'User', 'flight_id': 'BBB02'}], 'flights': [{'id': 'AAA01', 'departure_time_utc': '2024-12-01T00:00:00Z', 'arrival_time_utc': '2024-12-01T02:00:00Z', 'timezone': 'Asia/Bangkok'}, {'id': 'BBB02', 'departure_time_utc': '2024-12-01T09:00:00Z', 'arrival_time_utc': '2024-12-01T17:00:00Z', 'departure_timezone': 'Europe/London', 'arrival_timezone': 'Asia/Bangkok'}]}" /></properties></testcase><testcase classname="cases.test_booking" name="test_delete_valid_booking" time="0.725"><properties><property name="status" value="PASSED" /><property name="test_data" value="{'customers': [{'passport_id': 'BC1500', 'first_name': 'First', 'last_name': 'Name', 'flight_id': 'AAA01'}, {'passport_id': 'BC1501', 'first_name': 'Second', 'last_name': 'User', 'flight_id': 'BBB02'}], 'flights': [{'id': 'AAA01', 'departure_time_utc': '2024-12-01T00:00:00Z', 'arrival_time_utc': '2024-12-01T02:00:00Z', 'timezone': 'Asia/Bangkok'}, {'id': 'BBB02', 'departure_time_utc': '2024-12-01T09:00:00Z', 'arrival_time_utc': '2024-12-01T17:00:00Z', 'departure_timezone': 'Europe/London', 'arrival_timezone': 'Asia/Bangkok'}]}" /></properties></testcase><testcase classname="cases.test_customer" name="test_update_customer_information" time="0.792"><properties><property name="status" value="FAILED" /><property name="test_data" value="{'customers': [{'passport_id': 'BC1500', 'first_name': 'First', 'last_name': 'Name', 'flight_id': 'AAA01'}, {'passport_id': 'BC1501', 'first_name': 'Second', 'last_name': 'User', 'flight_id': 'BBB02'}], 'flights': [{'id': 'AAA01', 'departure_time_utc': '2024-12-01T00:00:00Z', 'arrival_time_utc': '2024-12-01T02:00:00Z', 'timezone': 'Asia/Bangkok'}, {'id': 'BBB02', 'departure_time_utc': '2024-12-01T09:00:00Z', 'arrival_time_utc': '2024-12-01T17:00:00Z', 'departure_timezone': 'Europe/London', 'arrival_timezone': 'Asia/Bangkok'}]}" /></properties><failure message="AssertionError: assert 400 == 200&#10; +  where 400 = &lt;APIResponse url='http://airline_api_dev:8000/flights/AAA01/passengers/1' status=400 status_text='Bad Request'&gt;.status">api_request_context = &lt;playwright._impl._fetch.APIRequestContext object at 0x7fec393a1f10&gt;
wiremock_admin_context = &lt;playwright._impl._fetch.APIRequestContext object at 0x7fec39317b50&gt;
test_data = {'customers': [{'first_name': 'First', 'flight_id': 'AAA01', 'last_name': 'Name', 'passport_id': 'BC1500'}, {'first_na..._timezone': 'Asia/Bangkok', 'departure_time_utc': '2024-12-01T09:00:00Z', 'departure_timezone': 'Europe/London', ...}]}

    @pytest.mark.asyncio
    async def test_update_customer_information(
        api_request_context: APIRequestContext,
        wiremock_admin_context: APIRequestContext,
        test_data
    ):
        """
        Test Scenario:
        Update the information of an existing customer and validate that the changes are correctly applied.
    
        """
        customer_data = test_data["customers"][0]
        passport_id = customer_data["passport_id"]
        first_name = customer_data["first_name"]
        last_name = customer_data["last_name"]
        flight_id = customer_data.get("flight_id", "AAA01")
    
        customer_id = await create_customer(
            api_request_context, wiremock_admin_context, passport_id, first_name, last_name, flight_id
        )
    
        try:
            updated_first_name = "NewFirst"
            await setup_wiremock_stub(wiremock_admin_context, passport_id, updated_first_name, last_name)
    
            updated_data = {"passport_id": passport_id, "first_name": updated_first_name, "last_name": last_name}
            response = await api_request_context.put(
                f"/flights/{flight_id}/passengers/{customer_id}",
                data=json.dumps(updated_data),
                headers={"Content-Type": "application/json"}
            )
&gt;           assert response.status == 200
E           AssertionError: assert 400 == 200
E            +  where 400 = &lt;APIResponse url='http://airline_api_dev:8000/flights/AAA01/passengers/1' status=400 status_text='Bad Request'&gt;.status

tests/cases/test_customer.py:40: AssertionError</failure></testcase><testcase classname="cases.test_customer" name="test_update_customer_with_mismatched_details" time="0.768"><properties><property name="status" value="PASSED" /><property name="test_data" value="{'customers': [{'passport_id': 'BC1500', 'first_name': 'First', 'last_name': 'Name', 'flight_id': 'AAA01'}, {'passport_id': 'BC1501', 'first_name': 'Second', 'last_name': 'User', 'flight_id': 'BBB02'}], 'flights': [{'id': 'AAA01', 'departure_time_utc': '2024-12-01T00:00:00Z', 'arrival_time_utc': '2024-12-01T02:00:00Z', 'timezone': 'Asia/Bangkok'}, {'id': 'BBB02', 'departure_time_utc': '2024-12-01T09:00:00Z', 'arrival_time_utc': '2024-12-01T17:00:00Z', 'departure_timezone': 'Europe/London', 'arrival_timezone': 'Asia/Bangkok'}]}" /></properties></testcase><testcase classname="cases.test_flight" name="test_retrieve_flight_different_timezones" time="0.161"><properties><property name="status" value="PASSED" /><property name="test_data" value="{'customers': [{'passport_id': 'BC1500', 'first_name': 'First', 'last_name': 'Name', 'flight_id': 'AAA01'}, {'passport_id': 'BC1501', 'first_name': 'Second', 'last_name': 'User', 'flight_id': 'BBB02'}], 'flights': [{'id': 'AAA01', 'departure_time_utc': '2024-12-01T00:00:00Z', 'arrival_time_utc': '2024-12-01T02:00:00Z', 'timezone': 'Asia/Bangkok'}, {'id': 'BBB02', 'departure_time_utc': '2024-12-01T09:00:00Z', 'arrival_time_utc': '2024-12-01T17:00:00Z', 'departure_timezone': 'Europe/London', 'arrival_timezone': 'Asia/Bangkok'}]}" /></properties></testcase><testcase classname="cases.test_flight" name="test_retrieve_flight_same_timezone" time="0.184"><properties><property name="status" value="PASSED" /><property name="test_data" value="{'customers': [{'passport_id': 'BC1500', 'first_name': 'First', 'last_name': 'Name', 'flight_id': 'AAA01'}, {'passport_id': 'BC1501', 'first_name': 'Second', 'last_name': 'User', 'flight_id': 'BBB02'}], 'flights': [{'id': 'AAA01', 'departure_time_utc': '2024-12-01T00:00:00Z', 'arrival_time_utc': '2024-12-01T02:00:00Z', 'timezone': 'Asia/Bangkok'}, {'id': 'BBB02', 'departure_time_utc': '2024-12-01T09:00:00Z', 'arrival_time_utc': '2024-12-01T17:00:00Z', 'departure_timezone': 'Europe/London', 'arrival_timezone': 'Asia/Bangkok'}]}" /></properties></testcase></testsuite></testsuites>